<?xml version="1.0" encoding="UTF-8"?>
<testsuite xmlns:xsi="http://www.w3.org/2001/XMLSchema-instance" xsi:noNamespaceSchemaLocation="https://maven.apache.org/surefire/maven-surefire-plugin/xsd/surefire-test-report-3.0.xsd" version="3.0" name="com.study.springbootmybatis.SpringbootMybatisApplicationTests" time="1.204" tests="1" errors="0" skipped="0" failures="0">
  <properties>
[...]
</properties>
  <testcase name="contextLoads" classname="com.study.springbootmybatis.SpringbootMybatisApplicationTests" time="0.12">
    <system-out><![CDATA[22:22:16.754 [main] DEBUG org.springframework.test.context.BootstrapUtils - Instantiating CacheAwareContextLoaderDelegate from class [org.springframework.test.context.cache.DefaultCacheAwareContextLoaderDelegate]
22:22:16.759 [main] DEBUG org.springframework.test.context.BootstrapUtils - Instantiating BootstrapContext using constructor [public org.springframework.test.context.support.DefaultBootstrapContext(java.lang.Class,org.springframework.test.context.CacheAwareContextLoaderDelegate)]
22:22:16.771 [main] DEBUG org.springframework.test.context.BootstrapUtils - Instantiating TestContextBootstrapper for test class [com.study.springbootmybatis.SpringbootMybatisApplicationTests] from class [org.springframework.boot.test.context.SpringBootTestContextBootstrapper]
22:22:16.776 [main] INFO org.springframework.boot.test.context.SpringBootTestContextBootstrapper - Neither @ContextConfiguration nor @ContextHierarchy found for test class [com.study.springbootmybatis.SpringbootMybatisApplicationTests], using SpringBootContextLoader
22:22:16.777 [main] DEBUG org.springframework.test.context.support.AbstractContextLoader - Did not detect default resource location for test class [com.study.springbootmybatis.SpringbootMybatisApplicationTests]: class path resource [com/study/springbootmybatis/SpringbootMybatisApplicationTests-context.xml] does not exist
22:22:16.777 [main] DEBUG org.springframework.test.context.support.AbstractContextLoader - Did not detect default resource location for test class [com.study.springbootmybatis.SpringbootMybatisApplicationTests]: class path resource [com/study/springbootmybatis/SpringbootMybatisApplicationTestsContext.groovy] does not exist
22:22:16.777 [main] INFO org.springframework.test.context.support.AbstractContextLoader - Could not detect default resource locations for test class [com.study.springbootmybatis.SpringbootMybatisApplicationTests]: no resource found for suffixes {-context.xml, Context.groovy}.
22:22:16.778 [main] INFO org.springframework.test.context.support.AnnotationConfigContextLoaderUtils - Could not detect default configuration classes for test class [com.study.springbootmybatis.SpringbootMybatisApplicationTests]: SpringbootMybatisApplicationTests does not declare any static, non-private, non-final, nested classes annotated with @Configuration.
22:22:16.793 [main] DEBUG org.springframework.test.context.support.ActiveProfilesUtils - Could not find an 'annotation declaring class' for annotation type [org.springframework.test.context.ActiveProfiles] and class [com.study.springbootmybatis.SpringbootMybatisApplicationTests]
22:22:16.817 [main] DEBUG org.springframework.context.annotation.ClassPathScanningCandidateComponentProvider - Identified candidate component class: file [/Users/taoqin/Desktop/javaPro/test-jacoco/target/classes/com/study/springbootmybatis/SpringbootMybatisApplication.class]
22:22:16.818 [main] INFO org.springframework.boot.test.context.SpringBootTestContextBootstrapper - Found @SpringBootConfiguration com.study.springbootmybatis.SpringbootMybatisApplication for test class com.study.springbootmybatis.SpringbootMybatisApplicationTests
22:22:16.850 [main] DEBUG org.springframework.boot.test.context.SpringBootTestContextBootstrapper - @TestExecutionListeners is not present for class [com.study.springbootmybatis.SpringbootMybatisApplicationTests]: using defaults.
22:22:16.850 [main] INFO org.springframework.boot.test.context.SpringBootTestContextBootstrapper - Loaded default TestExecutionListener class names from location [META-INF/spring.factories]: [org.springframework.boot.test.mock.mockito.MockitoTestExecutionListener, org.springframework.boot.test.mock.mockito.ResetMocksTestExecutionListener, org.springframework.boot.test.autoconfigure.restdocs.RestDocsTestExecutionListener, org.springframework.boot.test.autoconfigure.web.client.MockRestServiceServerResetTestExecutionListener, org.springframework.boot.test.autoconfigure.web.servlet.MockMvcPrintOnlyOnFailureTestExecutionListener, org.springframework.boot.test.autoconfigure.web.servlet.WebDriverTestExecutionListener, org.springframework.boot.test.autoconfigure.webservices.client.MockWebServiceServerTestExecutionListener, org.springframework.test.context.web.ServletTestExecutionListener, org.springframework.test.context.support.DirtiesContextBeforeModesTestExecutionListener, org.springframework.test.context.event.ApplicationEventsTestExecutionListener, org.springframework.test.context.support.DependencyInjectionTestExecutionListener, org.springframework.test.context.support.DirtiesContextTestExecutionListener, org.springframework.test.context.transaction.TransactionalTestExecutionListener, org.springframework.test.context.jdbc.SqlScriptsTestExecutionListener, org.springframework.test.context.event.EventPublishingTestExecutionListener]
22:22:16.856 [main] INFO org.springframework.boot.test.context.SpringBootTestContextBootstrapper - Using TestExecutionListeners: [org.springframework.test.context.web.ServletTestExecutionListener@5974109, org.springframework.test.context.support.DirtiesContextBeforeModesTestExecutionListener@27305e6, org.springframework.test.context.event.ApplicationEventsTestExecutionListener@1ef3efa8, org.springframework.boot.test.mock.mockito.MockitoTestExecutionListener@502f1f4c, org.springframework.boot.test.autoconfigure.SpringBootDependencyInjectionTestExecutionListener@6f8f9349, org.springframework.test.context.support.DirtiesContextTestExecutionListener@75c9e76b, org.springframework.test.context.transaction.TransactionalTestExecutionListener@7446d8d5, org.springframework.test.context.jdbc.SqlScriptsTestExecutionListener@5c3b6c6e, org.springframework.test.context.event.EventPublishingTestExecutionListener@4fbda97b, org.springframework.boot.test.mock.mockito.ResetMocksTestExecutionListener@75f5fd58, org.springframework.boot.test.autoconfigure.restdocs.RestDocsTestExecutionListener@37b70343, org.springframework.boot.test.autoconfigure.web.client.MockRestServiceServerResetTestExecutionListener@306851c7, org.springframework.boot.test.autoconfigure.web.servlet.MockMvcPrintOnlyOnFailureTestExecutionListener@12bcd0c0, org.springframework.boot.test.autoconfigure.web.servlet.WebDriverTestExecutionListener@4879f0f2, org.springframework.boot.test.autoconfigure.webservices.client.MockWebServiceServerTestExecutionListener@47db5fa5]
22:22:16.857 [main] DEBUG org.springframework.test.context.support.AbstractDirtiesContextTestExecutionListener - Before test class: context [DefaultTestContext@75ed9710 testClass = SpringbootMybatisApplicationTests, testInstance = [null], testMethod = [null], testException = [null], mergedContextConfiguration = [WebMergedContextConfiguration@4fc5e095 testClass = SpringbootMybatisApplicationTests, locations = '{}', classes = '{class com.study.springbootmybatis.SpringbootMybatisApplication}', contextInitializerClasses = '[]', activeProfiles = '{}', propertySourceLocations = '{}', propertySourceProperties = '{org.springframework.boot.test.context.SpringBootTestContextBootstrapper=true}', contextCustomizers = set[org.springframework.boot.test.context.filter.ExcludeFilterContextCustomizer@7d898981, org.springframework.boot.test.json.DuplicateJsonObjectContextCustomizerFactory$DuplicateJsonObjectContextCustomizer@258d79be, org.springframework.boot.test.mock.mockito.MockitoContextCustomizer@0, org.springframework.boot.test.web.client.TestRestTemplateContextCustomizer@68dc098b, org.springframework.boot.test.autoconfigure.actuate.metrics.MetricsExportContextCustomizerFactory$DisableMetricExportContextCustomizer@436c81a3, org.springframework.boot.test.autoconfigure.properties.PropertyMappingContextCustomizer@0, org.springframework.boot.test.autoconfigure.web.servlet.WebDriverContextCustomizerFactory$Customizer@45a37759, org.springframework.boot.test.context.SpringBootTestArgs@1, org.springframework.boot.test.context.SpringBootTestWebEnvironment@6cf0e0ba], resourceBasePath = 'src/main/webapp', contextLoader = 'org.springframework.boot.test.context.SpringBootContextLoader', parent = [null]], attributes = map['org.springframework.test.context.web.ServletTestExecutionListener.activateListener' -> true]], class annotated with @DirtiesContext [false] with mode [null].

  .   ____          _            __ _ _
 /\\ / ___'_ __ _ _(_)_ __  __ _ \ \ \ \
( ( )\___ | '_ | '_| | '_ \/ _` | \ \ \ \
 \\/  ___)| |_)| | | | | || (_| |  ) ) ) )
  '  |____| .__|_| |_|_| |_\__, | / / / /
 =========|_|==============|___/=/_/_/_/
 :: Spring Boot ::               (v2.6.13)

2026-02-23 22:22:17.006  INFO 27886 --- [           main] c.s.s.SpringbootMybatisApplicationTests  : Starting SpringbootMybatisApplicationTests using Java 11.0.22 on taoqindebijibendiannao.local with PID 27886 (started by taoqin in /Users/taoqin/Desktop/javaPro/test-jacoco)
2026-02-23 22:22:17.007  INFO 27886 --- [           main] c.s.s.SpringbootMybatisApplicationTests  : No active profile set, falling back to 1 default profile: "default"
2026-02-23 22:22:17.313  INFO 27886 --- [           main] o.s.cloud.context.scope.GenericScope     : BeanFactory id=758c515d-66f8-3b67-9469-44e3417f7e84
2026-02-23 22:22:17.798  INFO 27886 --- [           main] c.s.s.SpringbootMybatisApplicationTests  : Started SpringbootMybatisApplicationTests in 0.925 seconds (JVM running for 1.311)
]]></system-out>
  </testcase>
</testsuite>